[96mStarted scraping for chicago on: 2022-11-20 1668924622.6408968 | for all posts today
Sleeping for 0.21739130434782608 seconds between every post get (prevents Craigslist ban)

[0m[92;1mScraping completed!

[0m[96mStarted scraping for atlanta on: 2022-11-20 1668924646.7719152 | for all posts today
Sleeping for 0.21739130434782608 seconds between every post get (prevents Craigslist ban)

[0m[92;1mScraping completed!

[0m[91;1mSITE HAS UPDATED FRONTEND
[0m[96mStarted scraping for boston on: 2022-11-20 1668924724.364502 | for all posts today
Sleeping for 0.21739130434782608 seconds between every post get (prevents Craigslist ban)

[0m[92;1mScraping completed!

[0m[91;1mSITE HAS UPDATED FRONTEND
[0m[96mStarted scraping for cleveland on: 2022-11-20 1668924745.0644493 | for all posts today
Sleeping for 0.21739130434782608 seconds between every post get (prevents Craigslist ban)

[0m[92;1mScraping completed!

[0m[91;1mSITE HAS UPDATED FRONTEND
[0m[96mStarted scraping for denver on: 2022-11-20 1668924761.5456543 | for all posts today
Sleeping for 0.21739130434782608 seconds between every post get (prevents Craigslist ban)

[0m[92;1mScraping completed!

[0m[91;1mSITE HAS UPDATED FRONTEND
[0m[96mStarted scraping for losangeles on: 2022-11-20 1668924966.683541 | for all posts today
Sleeping for 0.21739130434782608 seconds between every post get (prevents Craigslist ban)

[0m[92;1mScraping completed!

[0m[96mStarted scraping for memphis on: 2022-11-20 1668926059.337586 | for all posts today
Sleeping for 0.21739130434782608 seconds between every post get (prevents Craigslist ban)

[0m[92;1mScraping completed!

[0m[91;1mSITE HAS UPDATED FRONTEND
[0m[96mStarted scraping for seattle on: 2022-11-20 1668926110.69103 | for all posts today
Sleeping for 0.21739130434782608 seconds between every post get (prevents Craigslist ban)

[0m[92;1mScraping completed!

[0m[91;1mSITE HAS UPDATED FRONTEND
[0m[96mStarted scraping for sfbay on: 2022-11-20 1668927725.7336035 | for all posts today
Sleeping for 0.21739130434782608 seconds between every post get (prevents Craigslist ban)

[0m[92;1mScraping completed!

[0m[91;1mSITE HAS UPDATED FRONTEND
[0m[96mStarted scraping for austin on: 2022-11-20 1668929375.2080984 | for all posts today
Sleeping for 0.21739130434782608 seconds between every post get (prevents Craigslist ban)

[0m[92;1mScraping completed!

[0m[91;1mSITE HAS UPDATED FRONTEND
[0m[96mStarted scraping for dallas on: 2022-11-20 1668929487.5997047 | for all posts today
Sleeping for 0.21739130434782608 seconds between every post get (prevents Craigslist ban)

[0m[92;1mScraping completed!

[0m[91;1mSITE HAS UPDATED FRONTEND
[0m[96mStarted scraping for detroit on: 2022-11-20 1668929818.8827255 | for all posts today
Sleeping for 0.21739130434782608 seconds between every post get (prevents Craigslist ban)

[0m[92;1mScraping completed!

[0m[91;1mSITE HAS UPDATED FRONTEND
[0m[96mStarted scraping for houston on: 2022-11-20 1668929879.0844283 | for all posts today
Sleeping for 0.21739130434782608 seconds between every post get (prevents Craigslist ban)

[0m[92;1mScraping completed!

[0m[91;1mSITE HAS UPDATED FRONTEND
[0m[96mStarted scraping for lasvegas on: 2022-11-20 1668930075.3136048 | for all posts today
Sleeping for 0.21739130434782608 seconds between every post get (prevents Craigslist ban)

[0m[92;1mScraping completed!

[0m[96mStarted scraping for miami on: 2022-11-20 1668930854.4721043 | for all posts today
Sleeping for 0.21739130434782608 seconds between every post get (prevents Craigslist ban)

[0m[92;1mScraping completed!

[0m[96mStarted scraping for minneapolis on: 2022-11-20 1668931487.358525 | for all posts today
Sleeping for 0.21739130434782608 seconds between every post get (prevents Craigslist ban)

[0m[92;1mScraping completed!

[0m[91;1mSITE HAS UPDATED FRONTEND
[0m[96mStarted scraping for newyork on: 2022-11-20 1668931601.0206678 | for all posts today
Sleeping for 0.21739130434782608 seconds between every post get (prevents Craigslist ban)

[0m[92;1mScraping completed!

[0m[91;1mSITE HAS UPDATED FRONTEND
[0m[96mStarted scraping for orangecounty on: 2022-11-20 1668931697.698768 | for all posts today
Sleeping for 0.21739130434782608 seconds between every post get (prevents Craigslist ban)

[0m[92;1mScraping completed!

[0m[91;1mSITE HAS UPDATED FRONTEND
[0m[96mStarted scraping for philadelphia on: 2022-11-20 1668932315.0251434 | for all posts today
Sleeping for 0.21739130434782608 seconds between every post get (prevents Craigslist ban)

[0m[92;1mScraping completed!

[0m[91;1mSITE HAS UPDATED FRONTEND
[0m[96mStarted scraping for phoenix on: 2022-11-20 1668932458.2117684 | for all posts today
Sleeping for 0.21739130434782608 seconds between every post get (prevents Craigslist ban)

[0m[92;1mScraping completed!

[0m[91;1mSITE HAS UPDATED FRONTEND
[0m[96mStarted scraping for portland on: 2022-11-20 1668933304.1541662 | for all posts today
Sleeping for 0.21739130434782608 seconds between every post get (prevents Craigslist ban)

[0m[92;1mScraping completed!

[0m[96mStarted scraping for raleigh on: 2022-11-20 1668934058.0649567 | for all posts today
Sleeping for 0.21739130434782608 seconds between every post get (prevents Craigslist ban)

[0m[92;1mScraping completed!

[0m[91;1mSITE HAS UPDATED FRONTEND
[0m[96mStarted scraping for sacramento on: 2022-11-20 1668934108.9230666 | for all posts today
Sleeping for 0.21739130434782608 seconds between every post get (prevents Craigslist ban)

[0m[92;1mScraping completed!

[0m[91;1mSITE HAS UPDATED FRONTEND
[0m[96mStarted scraping for sandiego on: 2022-11-20 1668934419.089499 | for all posts today
Sleeping for 0.21739130434782608 seconds between every post get (prevents Craigslist ban)

[0m[92;1mScraping completed!

[0m[91;1mSITE HAS UPDATED FRONTEND
[0m[96mStarted scraping for washingtondc on: 2022-11-20 1668934935.837641 | for all posts today
Sleeping for 0.21739130434782608 seconds between every post get (prevents Craigslist ban)

[0m[92;1mScraping completed!

[0m[96mStarted scraping for baltimore on: 2022-11-20 1668935431.158398 | for all posts today
Sleeping for 0.21739130434782608 seconds between every post get (prevents Craigslist ban)

[0m[92;1mScraping completed!

[0m[96mStarted scraping for bham on: 2022-11-20 1668935682.1969662 | for all posts today
Sleeping for 0.21739130434782608 seconds between every post get (prevents Craigslist ban)

[0m[92;1mScraping completed!

[0m[96mStarted scraping for buffalo on: 2022-11-20 1668935734.3446183 | for all posts today
Sleeping for 0.21739130434782608 seconds between every post get (prevents Craigslist ban)

[0m[92;1mScraping completed!

[0m[96mStarted scraping for charlotte on: 2022-11-20 1668935770.2201943 | for all posts today
Sleeping for 0.21739130434782608 seconds between every post get (prevents Craigslist ban)

[0m[92;1mScraping completed!

[0m[96mStarted scraping for cincinnati on: 2022-11-20 1668935900.8049197 | for all posts today
Sleeping for 0.21739130434782608 seconds between every post get (prevents Craigslist ban)

[0m[92;1mScraping completed!

[0m[96mStarted scraping for columbus on: 2022-11-20 1668935983.6234818 | for all posts today
Sleeping for 0.21739130434782608 seconds between every post get (prevents Craigslist ban)

[0m[92;1mScraping completed!

[0m[96mStarted scraping for hartford on: 2022-11-20 1668936087.0075855 | for all posts today
Sleeping for 0.21739130434782608 seconds between every post get (prevents Craigslist ban)

[0m[92;1mScraping completed!

[0m[96mStarted scraping for indianapolis on: 2022-11-20 1668936118.5674045 | for all posts today
Sleeping for 0.21739130434782608 seconds between every post get (prevents Craigslist ban)

[0m[92;1mScraping completed!

[0m[91;1mSITE HAS UPDATED FRONTEND
[0m[96mStarted scraping for inlandempire on: 2022-11-20 1668936180.8429637 | for all posts today
Sleeping for 0.21739130434782608 seconds between every post get (prevents Craigslist ban)

[0m[92;1mScraping completed!

[0m[96mStarted scraping for jacksonville on: 2022-11-20 1668936673.3216128 | for all posts today
Sleeping for 0.21739130434782608 seconds between every post get (prevents Craigslist ban)

[0m[92;1mScraping completed!

[0m[96mStarted scraping for kansascity on: 2022-11-20 1668936838.7407236 | for all posts today
Sleeping for 0.21739130434782608 seconds between every post get (prevents Craigslist ban)

[0m[92;1mScraping completed!

[0m[96mStarted scraping for louisville on: 2022-11-20 1668936913.2227414 | for all posts today
Sleeping for 0.21739130434782608 seconds between every post get (prevents Craigslist ban)

[0m[92;1mScraping completed!

[0m[96mStarted scraping for milwaukee on: 2022-11-20 1668936997.9032376 | for all posts today
Sleeping for 0.21739130434782608 seconds between every post get (prevents Craigslist ban)

[0m[92;1mScraping completed!

[0m[93;1mNO POSTS MADE TODAY FOR muncie
[0m[92;1mScraping completed!

[0m[96mStarted scraping for nashville on: 2022-11-20 1668937066.8235888 | for all posts today
Sleeping for 0.21739130434782608 seconds between every post get (prevents Craigslist ban)

[0m[92;1mScraping completed!

[0m[96mStarted scraping for newjersey on: 2022-11-20 1668937137.5366347 | for all posts today
Sleeping for 0.21739130434782608 seconds between every post get (prevents Craigslist ban)

[0m[92;1mScraping completed!

[0m[96mStarted scraping for norfolk on: 2022-11-20 1668937308.6557028 | for all posts today
Sleeping for 0.21739130434782608 seconds between every post get (prevents Craigslist ban)

[0m[92;1mScraping completed!

[0m[91;1mSITE HAS UPDATED FRONTEND
[0m[96mStarted scraping for oklahomacity on: 2022-11-20 1668937396.815345 | for all posts today
Sleeping for 0.21739130434782608 seconds between every post get (prevents Craigslist ban)

[0m[92;1mScraping completed!

[0m[96mStarted scraping for orlando on: 2022-11-20 1668937467.311211 | for all posts today
Sleeping for 0.21739130434782608 seconds between every post get (prevents Craigslist ban)

[0m[92;1mScraping completed!

[0m[96mStarted scraping for pittsburgh on: 2022-11-20 1668937610.9971113 | for all posts today
Sleeping for 0.21739130434782608 seconds between every post get (prevents Craigslist ban)

[0m[92;1mScraping completed!

[0m[96mStarted scraping for providence on: 2022-11-20 1668937688.0340157 | for all posts today
Sleeping for 0.21739130434782608 seconds between every post get (prevents Craigslist ban)

[0m[92;1mScraping completed!

[0m[96mStarted scraping for richmond on: 2022-11-20 1668937751.281507 | for all posts today
Sleeping for 0.21739130434782608 seconds between every post get (prevents Craigslist ban)

[0m[92;1mScraping completed!

[0m[91;1mSITE HAS UPDATED FRONTEND
[0m[96mStarted scraping for saltlakecity on: 2022-11-20 1668937846.2189567 | for all posts today
Sleeping for 0.21739130434782608 seconds between every post get (prevents Craigslist ban)

[0m[92;1mScraping completed!

[0m[91;1mSITE HAS UPDATED FRONTEND
[0m[96mStarted scraping for sanantonio on: 2022-11-20 1668937965.3935528 | for all posts today
Sleeping for 0.21739130434782608 seconds between every post get (prevents Craigslist ban)

[0m[92;1mScraping completed!

[0m[91;1mSITE HAS UPDATED FRONTEND
[0m[96mStarted scraping for sanmarcos on: 2022-11-20 1668938120.244888 | for all posts today
Sleeping for 0.21739130434782608 seconds between every post get (prevents Craigslist ban)

[0m[92;1mScraping completed!

[0m[96mStarted scraping for stlouis on: 2022-11-20 1668938210.0472834 | for all posts today
Sleeping for 0.21739130434782608 seconds between every post get (prevents Craigslist ban)

[0m[92;1mScraping completed!

[0m[96mStarted scraping for tampa on: 2022-11-20 1668938269.3711863 | for all posts today
Sleeping for 0.21739130434782608 seconds between every post get (prevents Craigslist ban)

[0m[92;1mScraping completed!

[0m