          post_id  ... avg_rent_old
0      7531518567  ...             
1      7541361006  ...             
2      7550308870  ...             
3      7541824880  ...             
4      7532066080  ...             
...           ...  ...          ...
21804  7542220990  ...             
21805  7539793842  ...             
21806  7540905158  ...             
21807  7541737667  ...             
21808  7544749286  ...             

[21809 rows x 69 columns]
         post_id  ... avg_rent_old
0     7544811436  ...             
1     7530027682  ...             
2     7536160669  ...             
3     7549122117  ...             
4     7548470349  ...             
...          ...  ...          ...
2983  7535950831  ...             
2984  7550803976  ...             
2985  7535810961  ...             
2986  7551040468  ...             
2987  7539874213  ...             

[2988 rows x 69 columns]
         post_id  ... avg_rent_old
0     7547386343  ...             
1     7530611613  ...             
2     7536027137  ...             
3     7541062286  ...             
4     7548432643  ...             
...          ...  ...          ...
1204  7530658751  ...             
1205  7541424690  ...             
1206  7545865422  ...             
1207  7550551142  ...             
1208  7550591663  ...             

[1209 rows x 69 columns]
