Loading required package: stm
stm v1.3.6 successfully loaded. See ?stm for help. 
 Papers, resources, and other materials at structuraltopicmodel.com
Building corpus... 
Converting to Lower Case... 
Removing punctuation... 
Removing stopwords... 
Removing numbers... 
Stemming... 
Creating Output... 
Removing 74194 of 87636 terms (200681 of 17059806 tokens) due to frequency 
Removing 1 Documents with No Words 
Your corpus now has 170321 documents, 13442 terms and 16859125 tokens.Beginning Spectral Initialization 
	 Calculating the gram matrix...
	 Using only 10000 most frequent terms during initialization...
	 Finding anchor words...
 	.......
	 Recovering initialization...
 	....................................................................................................
Initialization complete.
....................................................................................................
Completed E-Step (101 seconds). 
Completed M-Step. 
Completing Iteration 1 (approx. per word bound = -6.967) 
....................................................................................................
Completed E-Step (108 seconds). 
Completed M-Step. 
Completing Iteration 2 (approx. per word bound = -6.784, relative change = 2.628e-02) 
....................................................................................................
Completed E-Step (98 seconds). 
Completed M-Step. 
Completing Iteration 3 (approx. per word bound = -6.740, relative change = 6.380e-03) 
....................................................................................................
Completed E-Step (91 seconds). 
Completed M-Step. 
Completing Iteration 4 (approx. per word bound = -6.722, relative change = 2.769e-03) 
....................................................................................................
Completed E-Step (87 seconds). 
Completed M-Step. 
Completing Iteration 5 (approx. per word bound = -6.712, relative change = 1.461e-03) 
Topic 1: contact, apart, info, show, communiti 
 Topic 2: home, bedroom, apart, communiti, closet 
 Topic 3: month, includ, rent, apart, avail 
 Topic 4: apart, home, communiti, featur, amen 
 Topic 5: condo, brickel, para, bay, apartamento 
 Topic 6: floor, park, apart, kitchen, pet 
 Topic 7: pet, apart, month, rent, per 
....................................................................................................
Completed E-Step (84 seconds). 
Completed M-Step. 
Completing Iteration 6 (approx. per word bound = -6.707, relative change = 7.192e-04) 
....................................................................................................
Completed E-Step (82 seconds). 
Completed M-Step. 
Completing Iteration 7 (approx. per word bound = -6.704, relative change = 4.251e-04) 
....................................................................................................
Completed E-Step (80 seconds). 
Completed M-Step. 
Completing Iteration 8 (approx. per word bound = -6.702, relative change = 3.030e-04) 
....................................................................................................
Completed E-Step (78 seconds). 
Completed M-Step. 
Completing Iteration 9 (approx. per word bound = -6.701, relative change = 2.385e-04) 
....................................................................................................
Completed E-Step (82 seconds). 
Completed M-Step. 
Completing Iteration 10 (approx. per word bound = -6.699, relative change = 2.024e-04) 
Topic 1: contact, apart, communiti, info, show 
 Topic 2: home, bedroom, apart, closet, communiti 
 Topic 3: includ, month, rent, apart, avail 
 Topic 4: apart, featur, home, communiti, amen 
 Topic 5: apartamento, condo, near, brickel, rental 
 Topic 6: floor, applianc, park, kitchen, featur 
 Topic 7: pet, month, apart, rent, per 
....................................................................................................
Completed E-Step (77 seconds). 
Completed M-Step. 
Completing Iteration 11 (approx. per word bound = -6.698, relative change = 1.770e-04) 
....................................................................................................
Completed E-Step (77 seconds). 
Completed M-Step. 
Completing Iteration 12 (approx. per word bound = -6.697, relative change = 1.755e-04) 
....................................................................................................
Completed E-Step (77 seconds). 
Completed M-Step. 
Completing Iteration 13 (approx. per word bound = -6.695, relative change = 2.076e-04) 
....................................................................................................
Completed E-Step (79 seconds). 
Completed M-Step. 
Completing Iteration 14 (approx. per word bound = -6.694, relative change = 2.656e-04) 
....................................................................................................
Completed E-Step (77 seconds). 
Completed M-Step. 
Completing Iteration 15 (approx. per word bound = -6.691, relative change = 3.687e-04) 
Topic 1: contact, communiti, apart, pet, info 
 Topic 2: home, bedroom, apart, closet, two 
 Topic 3: includ, month, rent, apart, bedroom 
 Topic 4: apart, featur, call, communiti, amen 
 Topic 5: rent, apart, near, rental, apartamento 
 Topic 6: floor, applianc, stainless, featur, pet 
 Topic 7: pet, month, per, apart, leas 
....................................................................................................
Completed E-Step (78 seconds). 
Completed M-Step. 
Completing Iteration 16 (approx. per word bound = -6.687, relative change = 6.809e-04) 
....................................................................................................
Completed E-Step (79 seconds). 
Completed M-Step. 
Completing Iteration 17 (approx. per word bound = -6.684, relative change = 3.910e-04) 
....................................................................................................
Completed E-Step (79 seconds). 
Completed M-Step. 
Completing Iteration 18 (approx. per word bound = -6.683, relative change = 1.039e-04) 
....................................................................................................
Completed E-Step (76 seconds). 
Completed M-Step. 
Completing Iteration 19 (approx. per word bound = -6.683, relative change = 7.060e-05) 
....................................................................................................
Completed E-Step (76 seconds). 
Completed M-Step. 
Completing Iteration 20 (approx. per word bound = -6.682, relative change = 5.876e-05) 
Topic 1: contact, communiti, apart, pet, info 
 Topic 2: home, apart, bedroom, closet, floor 
 Topic 3: includ, month, rent, apart, bedroom 
 Topic 4: apart, featur, call, amen, communiti 
 Topic 5: rent, apart, near, rental, apartamento 
 Topic 6: floor, contact, applianc, stainless, loung 
 Topic 7: pet, month, per, dog, leas 
....................................................................................................
Completed E-Step (75 seconds). 
Completed M-Step. 
Completing Iteration 21 (approx. per word bound = -6.682, relative change = 4.355e-05) 
....................................................................................................
Completed E-Step (74 seconds). 
Completed M-Step. 
Completing Iteration 22 (approx. per word bound = -6.682, relative change = 3.184e-05) 
....................................................................................................
Completed E-Step (72 seconds). 
Completed M-Step. 
Completing Iteration 23 (approx. per word bound = -6.682, relative change = 2.572e-05) 
....................................................................................................
Completed E-Step (70 seconds). 
Completed M-Step. 
Completing Iteration 24 (approx. per word bound = -6.682, relative change = 2.423e-05) 
....................................................................................................
Completed E-Step (72 seconds). 
Completed M-Step. 
Completing Iteration 25 (approx. per word bound = -6.681, relative change = 2.271e-05) 
Topic 1: contact, communiti, pet, apart, info 
 Topic 2: apart, home, bedroom, closet, floor 
 Topic 3: includ, month, rent, bedroom, apart 
 Topic 4: apart, featur, call, amen, communiti 
 Topic 5: rent, apart, near, rental, apartamento 
 Topic 6: floor, contact, loung, pet, featur 
 Topic 7: pet, month, per, dog, leas 
....................................................................................................
Completed E-Step (72 seconds). 
Completed M-Step. 
Completing Iteration 26 (approx. per word bound = -6.681, relative change = 2.413e-05) 
....................................................................................................
Completed E-Step (73 seconds). 
Completed M-Step. 
Completing Iteration 27 (approx. per word bound = -6.681, relative change = 2.953e-05) 
....................................................................................................
Completed E-Step (71 seconds). 
Completed M-Step. 
Completing Iteration 28 (approx. per word bound = -6.681, relative change = 2.628e-05) 
....................................................................................................
Completed E-Step (72 seconds). 
Completed M-Step. 
Completing Iteration 29 (approx. per word bound = -6.681, relative change = 2.160e-05) 
....................................................................................................
Completed E-Step (71 seconds). 
Completed M-Step. 
Completing Iteration 30 (approx. per word bound = -6.681, relative change = 1.970e-05) 
Topic 1: contact, pet, communiti, apart, info 
 Topic 2: apart, home, bedroom, closet, floor 
 Topic 3: includ, month, rent, bedroom, apart 
 Topic 4: apart, featur, call, amen, communiti 
 Topic 5: rent, apart, near, rental, apartamento 
 Topic 6: floor, contact, loung, pet, amen 
 Topic 7: pet, month, per, dog, leas 
....................................................................................................
Completed E-Step (76 seconds). 
Completed M-Step. 
Completing Iteration 31 (approx. per word bound = -6.681, relative change = 1.646e-05) 
....................................................................................................
Completed E-Step (72 seconds). 
Completed M-Step. 
Completing Iteration 32 (approx. per word bound = -6.680, relative change = 1.743e-05) 
....................................................................................................
Completed E-Step (72 seconds). 
Completed M-Step. 
Completing Iteration 33 (approx. per word bound = -6.680, relative change = 2.012e-05) 
....................................................................................................
Completed E-Step (72 seconds). 
Completed M-Step. 
Completing Iteration 34 (approx. per word bound = -6.680, relative change = 2.022e-05) 
....................................................................................................
Completed E-Step (72 seconds). 
Completed M-Step. 
Completing Iteration 35 (approx. per word bound = -6.680, relative change = 1.807e-05) 
Topic 1: contact, pet, communiti, apart, info 
 Topic 2: apart, home, bedroom, closet, floor 
 Topic 3: includ, bedroom, month, rent, apart 
 Topic 4: apart, featur, chang, call, free 
 Topic 5: rent, apart, near, rental, apartamento 
 Topic 6: floor, contact, loung, pet, amen 
 Topic 7: pet, month, per, dog, leas 
....................................................................................................
Completed E-Step (73 seconds). 
Completed M-Step. 
Completing Iteration 36 (approx. per word bound = -6.680, relative change = 1.707e-05) 
....................................................................................................
Completed E-Step (72 seconds). 
Completed M-Step. 
Completing Iteration 37 (approx. per word bound = -6.680, relative change = 1.685e-05) 
....................................................................................................
Completed E-Step (71 seconds). 
Completed M-Step. 
Completing Iteration 38 (approx. per word bound = -6.680, relative change = 1.558e-05) 
....................................................................................................
Completed E-Step (74 seconds). 
Completed M-Step. 
Completing Iteration 39 (approx. per word bound = -6.680, relative change = 1.508e-05) 
....................................................................................................
Completed E-Step (72 seconds). 
Completed M-Step. 
Completing Iteration 40 (approx. per word bound = -6.679, relative change = 1.429e-05) 
Topic 1: pet, contact, communiti, apart, info 
 Topic 2: apart, home, bedroom, closet, floor 
 Topic 3: includ, bedroom, month, rent, apart 
 Topic 4: apart, chang, featur, free, call 
 Topic 5: rent, apart, near, rental, apartamento 
 Topic 6: floor, contact, loung, live, pet 
 Topic 7: pet, month, per, dog, leas 
....................................................................................................
Completed E-Step (71 seconds). 
Completed M-Step. 
Completing Iteration 41 (approx. per word bound = -6.679, relative change = 1.313e-05) 
....................................................................................................
Completed E-Step (71 seconds). 
Completed M-Step. 
Completing Iteration 42 (approx. per word bound = -6.679, relative change = 1.235e-05) 
....................................................................................................
Completed E-Step (70 seconds). 
Completed M-Step. 
Completing Iteration 43 (approx. per word bound = -6.679, relative change = 1.177e-05) 
....................................................................................................
Completed E-Step (72 seconds). 
Completed M-Step. 
Completing Iteration 44 (approx. per word bound = -6.679, relative change = 1.092e-05) 
....................................................................................................
Completed E-Step (71 seconds). 
Completed M-Step. 
Completing Iteration 45 (approx. per word bound = -6.679, relative change = 1.049e-05) 
Topic 1: pet, contact, communiti, apart, info 
 Topic 2: apart, home, closet, bedroom, center 
 Topic 3: includ, bedroom, month, rent, apart 
 Topic 4: apart, chang, free, featur, call 
 Topic 5: rent, apart, near, rental, apartamento 
 Topic 6: floor, contact, loung, live, pet 
 Topic 7: pet, month, per, dog, leas 
....................................................................................................
Completed E-Step (67 seconds). 
Completed M-Step. 
Completing Iteration 46 (approx. per word bound = -6.679, relative change = 1.000e-05) 
....................................................................................................
Completed E-Step (69 seconds). 
Completed M-Step. 
Model Converged 
Topic 1 Top Words:
 	 Highest Prob: pet, contact, communiti, apart, info, show, avail 
 	 FREX: goldol, amc-ca, dba, consultants-br, surpass, mon, olentangi 
 	 Lift: 💗privat, barrowood, chaparr, dobson, exacta, grind, heatherston 
 	 Score: -month, communiti, pet, goldol, polici, breed, restrict 
Topic 2 Top Words:
 	 Highest Prob: apart, home, closet, bedroom, center, floor, two 
 	 FREX: abney, boca, facetim, springdal, closet, patio, glisten 
 	 Lift: …make, •tbright, •tclubhous, •tcomplimentari, •tcourtyard, •tdetach, •toutsid 
 	 Score: clubhous, ceil, communiti, washer, dryer, fireplac, abney 
Topic 3 Top Words:
 	 Highest Prob: includ, bedroom, month, rent, apart, avail, room 
 	 FREX: economi, tax, background, evict, crimin, intend, struggl 
 	 Lift: negoti, --rent, -deposit, -famili, -flat, -go, -i’m 
 	 Score: economi, budget, hotel, fee, struggl, tenant, tax 
Topic 4 Top Words:
 	 Highest Prob: apart, chang, free, featur, call, inform, amen 
 	 FREX: siegel, rosedal, announc, canterburi, dailyflex, opportunitypric, reward 
 	 Lift: rosedal, •xaxaxaxaxaair, •xaxaxaxaxabasketbal, •xaxaxaxaxaelev, •xaxaxaxaxaenclos, •xaxaxaxaxalaundri, •xaxaxaxaxarefriger 
 	 Score: siegel, chang, vega, reward, las, without, subject 
Topic 5 Top Words:
 	 Highest Prob: rent, apart, near, rental, apartamento, condo, park 
 	 FREX: apartamento, alquil, brickel, para, cerca, una, que 
 	 Lift: acepta, amplia, ayudarlo, bellavista, bonito, brickellhous, calefacción 
 	 Score: apartamento, alquil, brickel, cerca, para, una, alquilar 
Topic 6 Top Words:
 	 Highest Prob: floor, contact, loung, live, pet, featur, room 
 	 FREX: pendant, confer, renttrack, matcher, spin, usb, curat 
 	 Lift: --earth, -art, -counter, -crowd, -gallon, -pool, -seat 
 	 Score: loung, rooftop, approxim, quartz, imt, link, stainless 
Topic 7 Top Words:
 	 Highest Prob: pet, month, per, dog, leas, apart, park 
 	 FREX: heatingcool, self-schedul, rangeoven, none, cable-readi, terrier, chow 
 	 Lift: hybrid, rent•, -lbs, -satisfi, “fresh, “just, •restrict 
 	 Score: note, self-schedul, heatingcool, per, rangeoven, cost, none 

Call:
estimateEffect(formula = 1:7 ~ race * poverty, stmobj = prevFit, 
    metadata = meta, uncertainty = "Global")


Topic 1:

Coefficients:
                         Estimate Std. Error t value Pr(>|t|)    
(Intercept)             0.1902737  0.0007434 255.950  < 2e-16 ***
raceasian              -0.0043201  0.0035737  -1.209    0.227    
raceblack               0.0178268  0.0022368   7.970  1.6e-15 ***
racelatinx             -0.0249234  0.0028226  -8.830  < 2e-16 ***
povertypoor            -0.0022300  0.0048047  -0.464    0.643    
raceasian:povertypoor  -0.0216294  0.0325786  -0.664    0.507    
raceblack:povertypoor   0.0060638  0.0064513   0.940    0.347    
racelatinx:povertypoor -0.0009241  0.0106219  -0.087    0.931    
---
Signif. codes:  0 ‘***’ 0.001 ‘**’ 0.01 ‘*’ 0.05 ‘.’ 0.1 ‘ ’ 1


Topic 2:

Coefficients:
                         Estimate Std. Error t value Pr(>|t|)    
(Intercept)             0.2206503  0.0006745 327.122  < 2e-16 ***
raceasian              -0.0407357  0.0033864 -12.029  < 2e-16 ***
raceblack              -0.0074963  0.0020645  -3.631 0.000282 ***
racelatinx             -0.0263983  0.0025280 -10.442  < 2e-16 ***
povertypoor            -0.0468948  0.0043006 -10.904  < 2e-16 ***
raceasian:povertypoor  -0.0276492  0.0284456  -0.972 0.331050    
raceblack:povertypoor  -0.0065854  0.0060537  -1.088 0.276672    
racelatinx:povertypoor -0.0212195  0.0090669  -2.340 0.019267 *  
---
Signif. codes:  0 ‘***’ 0.001 ‘**’ 0.01 ‘*’ 0.05 ‘.’ 0.1 ‘ ’ 1


Topic 3:

Coefficients:
                         Estimate Std. Error t value Pr(>|t|)    
(Intercept)             0.2059616  0.0008882 231.877  < 2e-16 ***
raceasian              -0.0446233  0.0044923  -9.933  < 2e-16 ***
raceblack               0.1057432  0.0027015  39.143  < 2e-16 ***
racelatinx              0.0091430  0.0032729   2.794 0.005214 ** 
povertypoor             0.0559823  0.0059466   9.414  < 2e-16 ***
raceasian:povertypoor   0.1180470  0.0390252   3.025 0.002488 ** 
raceblack:povertypoor   0.0395977  0.0080587   4.914 8.95e-07 ***
racelatinx:povertypoor  0.0510722  0.0133135   3.836 0.000125 ***
---
Signif. codes:  0 ‘***’ 0.001 ‘**’ 0.01 ‘*’ 0.05 ‘.’ 0.1 ‘ ’ 1


Topic 4:

Coefficients:
                         Estimate Std. Error t value Pr(>|t|)    
(Intercept)             0.1182927  0.0006391 185.102  < 2e-16 ***
raceasian              -0.0102213  0.0031382  -3.257  0.00113 ** 
raceblack              -0.0271958  0.0019433 -13.994  < 2e-16 ***
racelatinx              0.0228369  0.0025036   9.122  < 2e-16 ***
povertypoor             0.0128569  0.0040026   3.212  0.00132 ** 
raceasian:povertypoor  -0.0407978  0.0263705  -1.547  0.12184    
raceblack:povertypoor   0.0080878  0.0053212   1.520  0.12854    
racelatinx:povertypoor  0.0251479  0.0101221   2.484  0.01298 *  
---
Signif. codes:  0 ‘***’ 0.001 ‘**’ 0.01 ‘*’ 0.05 ‘.’ 0.1 ‘ ’ 1


Topic 5:

Coefficients:
                         Estimate Std. Error t value Pr(>|t|)    
(Intercept)             0.0227258  0.0003465  65.589  < 2e-16 ***
raceasian              -0.0048824  0.0017660  -2.765  0.00570 ** 
raceblack               0.0034728  0.0011558   3.005  0.00266 ** 
racelatinx              0.0122655  0.0014560   8.424  < 2e-16 ***
povertypoor             0.0549676  0.0024858  22.112  < 2e-16 ***
raceasian:povertypoor  -0.0306332  0.0182802  -1.676  0.09379 .  
raceblack:povertypoor  -0.0737796  0.0032930 -22.405  < 2e-16 ***
racelatinx:povertypoor -0.0635961  0.0048916 -13.001  < 2e-16 ***
---
Signif. codes:  0 ‘***’ 0.001 ‘**’ 0.01 ‘*’ 0.05 ‘.’ 0.1 ‘ ’ 1


Topic 6:

Coefficients:
                         Estimate Std. Error t value Pr(>|t|)    
(Intercept)             0.1446863  0.0005639 256.569  < 2e-16 ***
raceasian               0.0785796  0.0031787  24.720  < 2e-16 ***
raceblack              -0.0683828  0.0017724 -38.583  < 2e-16 ***
racelatinx             -0.0129780  0.0023685  -5.479 4.27e-08 ***
povertypoor            -0.0463928  0.0038639 -12.007  < 2e-16 ***
raceasian:povertypoor   0.0531465  0.0308707   1.722   0.0851 .  
raceblack:povertypoor   0.0337863  0.0051850   6.516 7.23e-11 ***
racelatinx:povertypoor  0.0215001  0.0084930   2.532   0.0114 *  
---
Signif. codes:  0 ‘***’ 0.001 ‘**’ 0.01 ‘*’ 0.05 ‘.’ 0.1 ‘ ’ 1


Topic 7:

Coefficients:
                         Estimate Std. Error t value Pr(>|t|)    
(Intercept)             0.0973948  0.0006446 151.105  < 2e-16 ***
raceasian               0.0261962  0.0031344   8.358  < 2e-16 ***
raceblack              -0.0239265  0.0019620 -12.195  < 2e-16 ***
racelatinx              0.0201107  0.0022996   8.745  < 2e-16 ***
povertypoor            -0.0285192  0.0039802  -7.165  7.8e-13 ***
raceasian:povertypoor  -0.0497984  0.0265662  -1.875   0.0609 .  
raceblack:povertypoor  -0.0069474  0.0052528  -1.323   0.1860    
racelatinx:povertypoor -0.0117589  0.0084221  -1.396   0.1627    
---
Signif. codes:  0 ‘***’ 0.001 ‘**’ 0.01 ‘*’ 0.05 ‘.’ 0.1 ‘ ’ 1

Error in findThoughts(prevFit, texts = z, n = 2, topics = 1) : 
  Number of provided texts and number of documents modeled do not match
Execution halted
